\BOOKMARK [0][-]{part*.1}{\376\377\000R\000e\000m\000e\000r\000c\000i\000e\000m\000e\000n\000t\000s}{}% 1
\BOOKMARK [0][-]{section*.2}{\376\377\000T\000a\000b\000l\000e\000\040\000d\000e\000s\000\040\000f\000i\000g\000u\000r\000e\000s}{}% 2
\BOOKMARK [0][-]{section*.3}{\376\377\000L\000i\000s\000t\000e\000\040\000d\000e\000s\000\040\000t\000a\000b\000l\000e\000a\000u\000x}{}% 3
\BOOKMARK [0][-]{section*.5}{\376\377\000G\000l\000o\000s\000s\000a\000i\000r\000e}{}% 4
\BOOKMARK [0][-]{part*.7}{\376\377\000E\000i\000n\000l\000e\000i\000t\000u\000n\000g\000R\000e\000t\000r\000o\000u\000v\000e\000r\000\040\000l\000a\000\040\000t\000r\000a\000d\000u\000c\000t\000i\000o\000n\000\040\000e\000n\000\040\000f\000r\000a\000n\000\347\000a\000i\000s\000\040\000d\000e\000\040\000l\000a\000\040\000s\000e\000c\000t\000i\000o\000n\000\040\000I\000n\000t\000r\000o\000d\000u\000c\000t\000i\000o\000n\000\040\000e\000n\000\040\000A\000n\000n\000e\000x\000e\000\040\000A\000\040\000T\000r\000a\000d\000u\000c\000t\000i\000o\000n\000\040\000d\000e\000\040\000l\000a\000\040\000p\000a\000r\000t\000i\000e\000\040\000I\000n\000t\000r\000o\000d\000u\000c\000t\000i\000o\000n\000.\000\040\000R\000\351\000f\000\351\000r\000e\000n\000c\000e\000s\000\040\000u\000t\000i\000l\000i\000s\000\351\000e\000s\000\040\000p\000o\000u\000r\000\040\000l\000'\000a\000i\000d\000e\000\040\000\340\000\040\000l\000a\000\040\000r\000\351\000d\000a\000c\000t\000i\000o\000n\000\040\000d\000e\000\040\000c\000e\000r\000t\000a\000i\000n\000e\000s\000\040\000p\000a\000r\000t\000i\000e\000s\000\040\000d\000u\000\040\000m\000\351\000m\000o\000i\000r\000e\000\040\000s\000c\000r\000i\000b\000b\000r\000:\000r\000e\000m\000e\000r\000c\000i\000e\000m\000e\000n\000t\000s\000\040\000s\000c\000r\000i\000b\000b\000r\000:\000i\000n\000t\000r\000o\000d\000u\000c\000t\000i\000o\000n\000\040\000s\000c\000r\000i\000b\000b\000r\000:\000p\000l\000a\000n\000\040\000s\000c\000r\000i\000b\000b\000r\000:\000c\000a\000d\000r\000e\000t\000h\000e\000o\000r\000i\000q\000u\000e\000.\000\040\000\050\000I\000n\000t\000r\000o\000d\000u\000c\000t\000i\000o\000n\000\051}{}% 5
\BOOKMARK [0][-]{part.1}{\376\377\0001\000\040\000C\000o\000n\000t\000e\000x\000t\000e\000\040\000g\000l\000o\000b\000a\000l\000R\000\351\000f\000\351\000r\000e\000n\000c\000e\000s\000\040\000u\000t\000i\000l\000i\000s\000\351\000e\000s\000\040\000d\000a\000n\000s\000\040\000l\000a\000\040\000p\000a\000r\000t\000i\000e\000\040\0001\000\040\000C\000o\000n\000t\000e\000x\000t\000e\000\040\000g\000l\000o\000b\000a\000l\000\040\000:\000\040\000s\000c\000h\000a\000e\000f\000e\000r\000\040\000s\000c\000h\000a\000e\000f\000e\000r\000H\000i\000s\000t\000o\000r\000y\000\040\000s\000c\000h\000a\000e\000f\000e\000r\000F\000R\000\040\000s\000c\000h\000a\000e\000f\000e\000r\000M\000o\000r\000p\000h\000e\000u\000s\000\040\000.}{}% 6
\BOOKMARK [1][-]{section.1.1}{\376\377\000L\000'\000e\000n\000t\000r\000e\000p\000r\000i\000s\000e\000\040\000:\000\040\000S\000S\000I\000\040\000S\000C\000H\000\304\000F\000E\000R}{part.1}% 7
\BOOKMARK [2][-]{subsection.1.1.1}{\376\377\000H\000i\000s\000t\000o\000i\000r\000e}{section.1.1}% 8
\BOOKMARK [2][-]{subsection.1.1.2}{\376\377\000S\000S\000I\000\040\000S\000C\000H\000\304\000F\000E\000R\000\040\000e\000n\000\040\000F\000r\000a\000n\000c\000e}{section.1.1}% 9
\BOOKMARK [2][-]{subsection.1.1.3}{\376\377\000S\000o\000l\000u\000t\000i\000o\000n\000s\000\040\000i\000n\000t\000r\000a\000l\000o\000g\000i\000s\000t\000i\000q\000u\000e\000s}{section.1.1}% 10
\BOOKMARK [2][-]{subsection.1.1.4}{\376\377\000S\000o\000l\000u\000t\000i\000o\000n\000s\000\040\000l\000o\000g\000i\000c\000i\000e\000l\000l\000e\000s}{section.1.1}% 11
\BOOKMARK [1][-]{section.1.2}{\376\377\000M\000O\000R\000P\000H\000E\000U\000S}{part.1}% 12
\BOOKMARK [2][-]{subsection.1.2.1}{\376\377\000M\000o\000r\000p\000h\000e\000u\000s\000\040\000w\000m\000s}{section.1.2}% 13
\BOOKMARK [2][-]{subsection.1.2.2}{\376\377\000M\000o\000r\000p\000h\000e\000u\000s\000\040\000w\000c\000s}{section.1.2}% 14
\BOOKMARK [0][-]{part.2}{\376\377\0002\000\040\000C\000a\000d\000r\000e\000\040\000t\000h\000\351\000o\000r\000i\000q\000u\000e}{}% 15
\BOOKMARK [1][-]{section.2.1}{\376\377\000A\000p\000p\000l\000i\000c\000a\000t\000i\000o\000n\000\040\000c\000l\000i\000e\000n\000t\000l\000o\000u\000r\000d}{part.2}% 16
\BOOKMARK [1][-]{section.2.2}{\376\377\000a\000p\000p\000w\000e\000b}{part.2}% 17
\BOOKMARK [1][-]{section.2.3}{\376\377\000f\000r\000o\000n\000t\000e\000n\000d\000\040\000e\000t\000\040\000b\000a\000c\000k\000e\000n\000d}{part.2}% 18
\BOOKMARK [1][-]{section.2.4}{\376\377\000f\000r\000a\000m\000e\000w\000o\000r\000k}{part.2}% 19
\BOOKMARK [1][-]{section.2.5}{\376\377\000a\000p\000i\000\040\000:\000\040\000A\000P\000I}{part.2}% 20
\BOOKMARK [1][-]{section.2.6}{\376\377\000r\000e\000s\000t\000\040\000:\000\040\000R\000E\000S\000T}{part.2}% 21
\BOOKMARK [0][-]{part.3}{\376\377\0003\000\040\000P\000a\000r\000t\000i\000e\000\040\000s\000c\000i\000e\000n\000t\000i\000f\000i\000q\000u\000e\000\040\000:\000\040\000a\000n\000a\000l\000y\000s\000e\000\040\000c\000o\000m\000p\000a\000r\000a\000t\000i\000v\000e\000\040\000d\000e\000s\000\040\000a\000p\000p\000l\000i\000c\000a\000t\000i\000o\000n\000s\000\040\000c\000l\000i\000e\000n\000t\000l\000o\000u\000r\000d\000\040\000e\000t\000\040\000d\000e\000s\000\040\000a\000p\000p\000w\000e\000b\000\040\000R\000\351\000f\000\351\000r\000e\000n\000c\000e\000s\000\040\000u\000t\000i\000l\000i\000s\000\351\000e\000s\000\040\000d\000a\000n\000s\000\040\000l\000a\000\040\000p\000a\000r\000t\000i\000e\000\040\0003\000\040\000P\000a\000r\000t\000i\000e\000\040\000s\000c\000i\000e\000n\000t\000i\000f\000i\000q\000u\000e\000\040\000:\000\040\000a\000n\000a\000l\000y\000s\000e\000\040\000c\000o\000m\000p\000a\000r\000a\000t\000i\000v\000e\000\040\000d\000e\000s\000\040\000a\000p\000p\000l\000i\000c\000a\000t\000i\000o\000n\000s\000\040\000c\000l\000i\000e\000n\000t\000l\000o\000u\000r\000d\000\040\000e\000t\000\040\000d\000e\000s\000\040\000a\000p\000p\000w\000e\000b\000\040\000:\000\040\000w\000i\000k\000i\000p\000e\000d\000i\000a\000:\000c\000l\000i\000e\000n\000t\000l\000e\000g\000e\000r\000\040\000w\000i\000k\000i\000p\000e\000d\000i\000a\000:\000c\000l\000i\000e\000n\000t\000l\000o\000u\000r\000d\000\040\000w\000i\000k\000i\000p\000e\000d\000i\000a\000:\000a\000p\000p\000l\000i\000c\000a\000t\000i\000o\000n\000w\000e\000b\000\040\000w\000i\000k\000i\000p\000e\000d\000i\000a\000:\000a\000c\000c\000e\000s\000i\000n\000t\000e\000r\000n\000e\000t\000\040\000w\000i\000k\000i\000p\000e\000d\000i\000a\000:\000i\000n\000t\000e\000r\000n\000e\000t\000\040\000w\000i\000k\000i\000p\000e\000d\000i\000a\000:\000p\000l\000a\000t\000e\000f\000o\000r\000m\000e\000c\000l\000i\000e\000n\000t\000r\000i\000c\000h\000e\000\040\000w\000i\000k\000i\000p\000e\000d\000i\000a\000:\000c\000l\000i\000e\000n\000t\000i\000n\000f\000o\000r\000m\000a\000t\000i\000q\000u\000e\000\040\000s\000c\000i\000e\000n\000t\000i\000f\000i\000c\000:\000a\000p\000p\000m\000a\000s\000t\000e\000r\000\040\000s\000c\000i\000e\000n\000t\000i\000f\000i\000c\000:\000e\000p\000o\000s\000a\000u\000d\000i\000o\000\040\000s\000c\000i\000e\000n\000t\000i\000f\000i\000c\000:\000j\000o\000u\000r\000n\000a\000l\000n\000e\000t\000\040\000s\000c\000i\000e\000n\000t\000i\000f\000i\000c\000:\000p\000r\000o\000f\000o\000l\000u\000s\000\040\000s\000c\000i\000e\000n\000t\000i\000f\000i\000c\000:\000a\000u\000d\000i\000v\000i\000k\000l\000a\000b\000s\000\040\000s\000c\000i\000e\000n\000t\000i\000f\000i\000c\000:\000m\000i\000n\000n\000a\000l\000e\000a\000r\000n\000\040\000s\000c\000i\000e\000n\000t\000i\000f\000i\000c\000:\000c\000y\000b\000e\000r\000p\000r\000e\000v\000e\000n\000t\000y\000s\000\040\000s\000c\000i\000e\000n\000t\000i\000f\000i\000c\000:\000t\000e\000c\000h\000t\000a\000r\000g\000e\000t\000\040\000s\000c\000i\000e\000n\000t\000i\000f\000i\000c\000:\000t\000e\000c\000h\000g\000e\000n\000i\000x\000\040\000s\000c\000i\000e\000n\000t\000i\000f\000i\000c\000:\000b\000a\000e\000l\000d\000u\000n\000g\000\040\000s\000c\000i\000e\000n\000t\000i\000f\000i\000c\000:\000i\000o\000n\000o\000s\000c\000l\000i\000e\000n\000t\000l\000o\000u\000r\000d\000\040\000s\000c\000i\000e\000n\000t\000i\000f\000i\000c\000:\000a\000g\000e\000n\000c\000e\000s\000c\000r\000o\000l\000l\000\040\000s\000c\000i\000e\000n\000t\000i\000f\000i\000c\000:\000y\000e\000e\000p\000l\000y\000\040\000s\000c\000i\000e\000n\000t\000i\000f\000i\000c\000:\000d\000i\000g\000i\000t\000i\000z\000\040\000s\000c\000i\000e\000n\000t\000i\000f\000i\000c\000:\000h\000i\000c\000o\000n\000e\000s\000\040\000s\000c\000i\000e\000n\000t\000i\000f\000i\000c\000:\000y\000o\000u\000r\000s\000t\000o\000r\000y\000\040\000s\000c\000i\000e\000n\000t\000i\000f\000i\000c\000:\000i\000o\000n\000o\000s\000c\000l\000i\000e\000n\000t\000l\000e\000g\000e\000r\000\040\000s\000c\000i\000e\000n\000t\000i\000f\000i\000c\000:\000p\000r\000o\000o\000f\000p\000o\000i\000n\000t\000\040\000s\000c\000i\000e\000n\000t\000i\000f\000i\000c\000:\000b\000l\000u\000e\000m\000i\000n\000d\000.}{}% 22
\BOOKMARK [1][-]{section.3.1}{\376\377\000I\000n\000t\000r\000o\000d\000u\000c\000t\000i\000o\000n}{part.3}% 23
\BOOKMARK [2][-]{subsection.3.1.1}{\376\377\000P\000r\000\351\000s\000e\000n\000t\000a\000t\000i\000o\000n\000\040\000d\000u\000\040\000s\000u\000j\000e\000t}{section.3.1}% 24
\BOOKMARK [2][-]{subsection.3.1.2}{\376\377\000C\000o\000n\000t\000e\000x\000t\000e\000\040\000d\000e\000\040\000l\000'\000a\000n\000a\000l\000y\000s\000e}{section.3.1}% 25
\BOOKMARK [2][-]{subsection.3.1.3}{\376\377\000\311\000n\000o\000n\000c\000\351\000\040\000d\000e\000\040\000l\000a\000\040\000p\000r\000o\000b\000l\000\351\000m\000a\000t\000i\000q\000u\000e}{section.3.1}% 26
\BOOKMARK [2][-]{subsection.3.1.4}{\376\377\000R\000\351\000s\000u\000m\000\351}{section.3.1}% 27
\BOOKMARK [1][-]{section.3.2}{\376\377\000D\000\351\000f\000i\000n\000i\000t\000i\000o\000n\000s\000\040\000e\000t\000\040\000c\000o\000n\000c\000e\000p\000t\000s\000\040\000d\000e\000\040\000b\000a\000s\000e}{part.3}% 28
\BOOKMARK [2][-]{subsection.3.2.1}{\376\377\000E\000x\000p\000l\000i\000c\000a\000t\000i\000o\000n\000\040\000d\000e\000s\000\040\000a\000p\000p\000l\000i\000c\000a\000t\000i\000o\000n\000s\000\040\000c\000l\000i\000e\000n\000t\000l\000o\000u\000r\000d}{section.3.2}% 29
\BOOKMARK [2][-]{subsection.3.2.2}{\376\377\000E\000x\000p\000l\000i\000c\000a\000t\000i\000o\000n\000\040\000d\000e\000s\000\040\000a\000p\000p\000w\000e\000b}{section.3.2}% 30
\BOOKMARK [2][-]{subsection.3.2.3}{\376\377\000D\000i\000s\000c\000u\000s\000s\000i\000o\000n\000\040\000s\000u\000r\000\040\000l\000a\000\040\000c\000o\000n\000n\000e\000c\000t\000i\000v\000i\000t\000\351\000\040\000i\000n\000t\000e\000r\000n\000e\000t\000\040\000e\000t\000\040\000s\000o\000n\000\040\000r\000\364\000l\000e\000\040\000d\000a\000n\000s\000\040\000l\000e\000s\000\040\000a\000p\000p\000w\000e\000b}{section.3.2}% 31
\BOOKMARK [1][-]{section.3.3}{\376\377\000A\000v\000a\000n\000t\000a\000g\000e\000s\000\040\000d\000e\000s\000\040\000a\000p\000p\000l\000i\000c\000a\000t\000i\000o\000n\000s\000\040\000c\000l\000i\000e\000n\000t\000l\000o\000u\000r\000d}{part.3}% 32
\BOOKMARK [2][-]{subsection.3.3.1}{\376\377\000P\000e\000r\000f\000o\000r\000m\000a\000n\000c\000e\000s}{section.3.3}% 33
\BOOKMARK [3][-]{subsubsection.3.3.1.1}{\376\377\000P\000e\000r\000f\000o\000r\000m\000a\000n\000c\000e\000s\000\040\000d\000u\000\040\000s\000e\000r\000v\000e\000u\000r}{subsection.3.3.1}% 34
\BOOKMARK [3][-]{subsubsection.3.3.1.2}{\376\377\000P\000e\000r\000f\000o\000r\000m\000a\000n\000c\000e\000s\000\040\000d\000e\000\040\000l\000'\000o\000r\000d\000i\000n\000a\000t\000e\000u\000r\000\040\000c\000l\000i\000e\000n\000t}{subsection.3.3.1}% 35
\BOOKMARK [2][-]{subsection.3.3.2}{\376\377\000E\000x\000p\000\351\000r\000i\000e\000n\000c\000e\000\040\000u\000t\000i\000l\000i\000s\000a\000t\000e\000u\000r}{section.3.3}% 36
\BOOKMARK [3][-]{subsubsection.3.3.2.1}{\376\377\000I\000n\000t\000e\000r\000f\000a\000c\000e\000\040\000u\000t\000i\000l\000i\000s\000a\000t\000e\000u\000r\000\040\000g\000r\000a\000p\000h\000i\000q\000u\000e\000\040\000r\000i\000c\000h\000e}{subsection.3.3.2}% 37
\BOOKMARK [3][-]{subsubsection.3.3.2.2}{\376\377\000P\000o\000s\000s\000i\000b\000i\000l\000i\000t\000\351\000\040\000d\000e\000\040\000p\000e\000r\000s\000o\000n\000n\000a\000l\000i\000s\000a\000t\000i\000o\000n}{subsection.3.3.2}% 38
\BOOKMARK [2][-]{subsection.3.3.3}{\376\377\000F\000o\000n\000c\000t\000i\000o\000n\000n\000a\000l\000i\000t\000\351\000s\000\040\000a\000v\000a\000n\000c\000\351\000e\000s}{section.3.3}% 39
\BOOKMARK [2][-]{subsection.3.3.4}{\376\377\000D\000i\000s\000p\000o\000n\000i\000b\000i\000l\000i\000t\000\351\000\040\000h\000o\000r\000s\000\040\000l\000i\000g\000n\000e}{section.3.3}% 40
\BOOKMARK [1][-]{section.3.4}{\376\377\000I\000n\000c\000o\000n\000v\000\351\000n\000i\000e\000n\000t\000s\000\040\000d\000e\000s\000\040\000a\000p\000p\000l\000i\000c\000a\000t\000i\000o\000n\000s\000\040\000c\000l\000i\000e\000n\000t\000l\000o\000u\000r\000d}{part.3}% 41
\BOOKMARK [2][-]{subsection.3.4.1}{\376\377\000I\000n\000s\000t\000a\000l\000l\000a\000t\000i\000o\000n\000\040\000e\000t\000\040\000m\000i\000s\000e\000\040\000\340\000\040\000j\000o\000u\000r}{section.3.4}% 42
\BOOKMARK [2][-]{subsection.3.4.2}{\376\377\000C\000o\000m\000p\000a\000t\000i\000b\000i\000l\000i\000t\000\351}{section.3.4}% 43
\BOOKMARK [2][-]{subsection.3.4.3}{\376\377\000C\000o\000\373\000t}{section.3.4}% 44
\BOOKMARK [1][-]{section.3.5}{\376\377\000A\000v\000a\000n\000t\000a\000g\000e\000s\000\040\000d\000e\000s\000\040\000a\000p\000p\000w\000e\000b}{part.3}% 45
\BOOKMARK [2][-]{subsection.3.5.1}{\376\377\000A\000c\000c\000e\000s\000s\000i\000b\000i\000l\000i\000t\000\351}{section.3.5}% 46
\BOOKMARK [2][-]{subsection.3.5.2}{\376\377\000I\000n\000s\000t\000a\000l\000l\000a\000t\000i\000o\000n\000\040\000e\000t\000\040\000m\000i\000s\000e\000s\000\040\000\340\000\040\000j\000o\000u\000r\000\040\000s\000i\000m\000p\000l\000i\000f\000i\000\351\000e\000s}{section.3.5}% 47
\BOOKMARK [2][-]{subsection.3.5.3}{\376\377\000C\000o\000\373\000t}{section.3.5}% 48
\BOOKMARK [2][-]{subsection.3.5.4}{\376\377\000C\000o\000l\000l\000a\000b\000o\000r\000a\000t\000i\000o\000n}{section.3.5}% 49
\BOOKMARK [3][-]{subsubsection.3.5.4.1}{\376\377\000T\000r\000a\000v\000a\000i\000l\000\040\000e\000n\000\040\000\351\000q\000u\000i\000p\000e}{subsection.3.5.4}% 50
\BOOKMARK [1][-]{section.3.6}{\376\377\000I\000n\000c\000o\000n\000v\000\351\000n\000i\000e\000n\000t\000s\000\040\000d\000e\000s\000\040\000a\000p\000p\000w\000e\000b}{part.3}% 51
\BOOKMARK [2][-]{subsection.3.6.1}{\376\377\000P\000e\000r\000f\000o\000r\000m\000a\000n\000c\000e\000s}{section.3.6}% 52
\BOOKMARK [2][-]{subsection.3.6.2}{\376\377\000E\000x\000p\000\351\000r\000i\000e\000n\000c\000e\000\040\000u\000t\000i\000l\000i\000s\000a\000t\000e\000u\000r}{section.3.6}% 53
\BOOKMARK [2][-]{subsection.3.6.3}{\376\377\000D\000\351\000p\000e\000n\000d\000a\000n\000c\000e\000\040\000i\000n\000t\000e\000r\000n\000e\000t}{section.3.6}% 54
\BOOKMARK [2][-]{subsection.3.6.4}{\376\377\000S\000\351\000c\000u\000r\000i\000t\000\351}{section.3.6}% 55
\BOOKMARK [1][-]{section.3.7}{\376\377\000C\000a\000s\000\040\000d\000'\000u\000t\000i\000l\000i\000s\000a\000t\000i\000o\000n\000s\000\040\000a\000p\000p\000r\000o\000p\000r\000i\000\351\000s}{part.3}% 56
\BOOKMARK [2][-]{subsection.3.7.1}{\376\377\000I\000d\000e\000n\000t\000i\000f\000i\000e\000r\000\040\000l\000e\000s\000\040\000s\000c\000\351\000n\000a\000r\000i\000o\000s\000\040\000o\000\371\000\040\000l\000e\000s\000\040\000a\000p\000p\000l\000i\000c\000a\000t\000i\000o\000n\000s\000\040\000c\000l\000i\000e\000n\000t\000l\000o\000u\000r\000d\000\040\000s\000o\000n\000t\000\040\000p\000r\000\351\000f\000\351\000r\000a\000b\000l\000e\000s}{section.3.7}% 57
\BOOKMARK [2][-]{subsection.3.7.2}{\376\377\000I\000d\000e\000n\000t\000i\000f\000i\000e\000r\000\040\000l\000e\000s\000\040\000s\000c\000\351\000n\000a\000r\000i\000o\000s\000\040\000o\000\371\000\040\000l\000e\000s\000\040\000a\000p\000p\000w\000e\000b\000\040\000o\000f\000f\000r\000e\000n\000t\000\040\000d\000e\000s\000\040\000a\000v\000a\000n\000t\000a\000g\000e\000s\000\040\000s\000i\000g\000n\000i\000f\000i\000c\000a\000t\000i\000f\000s}{section.3.7}% 58
\BOOKMARK [1][-]{section.3.8}{\376\377\000C\000o\000n\000c\000l\000u\000s\000i\000o\000n}{part.3}% 59
\BOOKMARK [0][-]{part.4}{\376\377\0004\000\040\000P\000r\000\344\000s\000e\000n\000t\000a\000t\000i\000o\000n\000\040\000d\000e\000s\000\040\000w\000\344\000h\000r\000e\000n\000d\000\040\000d\000e\000s\000\040\000P\000r\000a\000k\000t\000i\000k\000u\000m\000s\000\040\000d\000u\000r\000c\000h\000g\000e\000f\000\374\000h\000r\000t\000e\000n\000\040\000P\000r\000o\000j\000e\000k\000t\000s\000\040\000\050\000P\000r\000\351\000s\000e\000n\000t\000a\000t\000i\000o\000n\000\040\000d\000u\000\040\000p\000r\000o\000j\000e\000t\000\040\000r\000\351\000a\000l\000i\000s\000\351\000\040\000a\000u\000\040\000c\000o\000u\000r\000s\000\040\000d\000u\000\040\000s\000t\000a\000g\000e\000\051\000R\000e\000t\000r\000o\000u\000v\000e\000r\000\040\000l\000a\000\040\000t\000r\000a\000d\000u\000c\000t\000i\000o\000n\000\040\000e\000n\000\040\000f\000r\000a\000n\000\347\000a\000i\000s\000\040\000d\000e\000\040\000l\000a\000\040\000s\000e\000c\000t\000i\000o\000n\000\040\000P\000r\000\351\000s\000e\000n\000t\000a\000t\000i\000o\000n\000\040\000d\000u\000\040\000p\000r\000o\000j\000e\000t\000\040\000r\000\351\000a\000l\000i\000s\000e\000\040\000a\000u\000\040\000c\000o\000u\000r\000s\000\040\000d\000u\000\040\000s\000t\000a\000g\000e\000\040\000e\000n\000\040\000A\000n\000n\000e\000x\000e\000\040\000F\000\040\000T\000r\000a\000d\000u\000c\000t\000i\000o\000n\000\040\000d\000e\000\040\000l\000a\000\040\000p\000a\000r\000t\000i\000e\000\040\000P\000r\000\351\000s\000e\000n\000t\000a\000t\000i\000o\000n\000\040\000d\000u\000\040\000p\000r\000o\000j\000e\000t\000\040\000r\000\351\000a\000l\000i\000s\000\351\000\040\000a\000u\000\040\000c\000o\000u\000r\000s\000\040\000d\000u\000\040\000s\000t\000a\000g\000e}{}% 60
\BOOKMARK [1][-]{section.4.1}{\376\377\000G\000e\000s\000a\000m\000t\000p\000r\000o\000j\000e\000k\000t}{part.4}% 61
\BOOKMARK [1][-]{section.4.2}{\376\377\000P\000r\000a\000k\000t\000i\000k\000u\000m\000s\000p\000r\000o\000j\000e\000k\000t}{part.4}% 62
\BOOKMARK [1][-]{section.4.3}{\376\377\000B\000e\000s\000t\000e\000h\000e\000n\000d\000e\000\040\000A\000n\000w\000e\000n\000d\000u\000n\000g}{part.4}% 63
\BOOKMARK [0][-]{part.5}{\376\377\0005\000\040\000E\000n\000j\000e\000u\000x\000\040\000e\000t\000\040\000i\000m\000p\000o\000r\000t\000a\000n\000c\000e\000s}{}% 64
\BOOKMARK [1][-]{section.5.1}{\376\377\000E\000n\000j\000e\000u\000x\000\040\000d\000u\000\040\000p\000r\000o\000j\000e\000t\000\040\000g\000l\000o\000b\000a\000l}{part.5}% 65
\BOOKMARK [2][-]{subsection.5.1.1}{\376\377\000E\000n\000j\000e\000u\000x\000\040\000f\000i\000n\000a\000n\000c\000i\000e\000r\000s}{section.5.1}% 66
\BOOKMARK [2][-]{subsection.5.1.2}{\376\377\000E\000n\000j\000e\000u\000x\000\040\000s\000t\000r\000a\000t\000\351\000g\000i\000q\000u\000e\000s}{section.5.1}% 67
\BOOKMARK [2][-]{subsection.5.1.3}{\376\377\000E\000n\000j\000e\000u\000x\000\040\000h\000u\000m\000a\000i\000n\000s}{section.5.1}% 68
\BOOKMARK [1][-]{section.5.2}{\376\377\000O\000b\000j\000e\000c\000t\000i\000f\000s\000\040\000g\000l\000o\000b\000a\000u\000x}{part.5}% 69
\BOOKMARK [1][-]{section.5.3}{\376\377\000E\000n\000j\000e\000u\000x\000\040\000d\000u\000\040\000p\000r\000o\000j\000e\000t\000\040\000d\000e\000\040\000s\000t\000a\000g\000e}{part.5}% 70
\BOOKMARK [1][-]{section.5.4}{\376\377\000O\000b\000j\000e\000c\000t\000i\000f\000s\000\040\000d\000u\000\040\000p\000r\000o\000j\000e\000t\000\040\000d\000e\000\040\000s\000t\000a\000g\000e}{part.5}% 71
\BOOKMARK [1][-]{section.5.5}{\376\377\000P\000a\000r\000t\000i\000e\000s\000\040\000p\000r\000e\000n\000a\000n\000t\000e\000s\000\040\000e\000t\000\040\000i\000n\000t\000e\000r\000v\000e\000n\000a\000n\000t\000s}{part.5}% 72
\BOOKMARK [1][-]{section.5.6}{\376\377\000C\000o\000n\000t\000r\000a\000i\000n\000t\000e\000s\000\040\000e\000t\000\040\000l\000i\000m\000i\000t\000a\000t\000i\000o\000n\000s\000\040\000d\000u\000\040\000p\000r\000o\000j\000e\000t\000\040\000d\000e\000\040\000s\000t\000a\000g\000e}{part.5}% 73
\BOOKMARK [2][-]{subsection.5.6.1}{\376\377\000C\000o\000n\000t\000r\000a\000i\000n\000t\000e\000s\000\040\000d\000e\000\040\000d\000\351\000l\000a\000i}{section.5.6}% 74
\BOOKMARK [3][-]{subsubsection.5.6.1.1}{\376\377\000D\000u\000r\000\351\000e\000\040\000f\000i\000x\000e\000\040\000d\000u\000\040\000s\000t\000a\000g\000e}{subsection.5.6.1}% 75
\BOOKMARK [3][-]{subsubsection.5.6.1.2}{\376\377\000C\000o\000m\000p\000l\000e\000x\000i\000t\000\351\000\040\000d\000u\000\040\000p\000r\000o\000j\000e\000t}{subsection.5.6.1}% 76
\BOOKMARK [3][-]{subsubsection.5.6.1.3}{\376\377\000A\000p\000p\000r\000e\000n\000t\000i\000s\000s\000a\000g\000e\000\040\000e\000t\000\040\000c\000o\000n\000c\000e\000p\000t\000i\000o\000n\000\040\000i\000n\000i\000t\000i\000a\000l\000e}{subsection.5.6.1}% 77
\BOOKMARK [3][-]{subsubsection.5.6.1.4}{\376\377\000S\000o\000l\000u\000t\000i\000o\000n\000s}{subsection.5.6.1}% 78
\BOOKMARK [4][-]{paragraph.5.6.1.4.1}{\376\377\000P\000l\000a\000n\000i\000f\000i\000c\000a\000t\000i\000o\000n\000\040\000a\000v\000a\000n\000c\000\351\000e}{subsubsection.5.6.1.4}% 79
\BOOKMARK [4][-]{paragraph.5.6.1.4.2}{\376\377\000P\000r\000i\000o\000r\000i\000s\000a\000t\000i\000o\000n\000\040\000d\000e\000s\000\040\000t\000\342\000c\000h\000e\000s}{subsubsection.5.6.1.4}% 80
\BOOKMARK [2][-]{subsection.5.6.2}{\376\377\000L\000i\000m\000i\000t\000a\000t\000i\000o\000n\000s\000\040\000e\000n\000\040\000r\000e\000s\000s\000o\000u\000r\000c\000e\000s\000\040\000h\000u\000m\000a\000i\000n\000e\000s}{section.5.6}% 81
\BOOKMARK [3][-]{subsubsection.5.6.2.1}{\376\377\000E\000f\000f\000e\000c\000t\000i\000f\000\040\000l\000i\000m\000i\000t\000\351\000\040\000e\000t\000\040\000s\000u\000r\000c\000h\000a\000g\000e\000\040\000d\000e\000\040\000t\000r\000a\000v\000a\000i\000l}{subsection.5.6.2}% 82
\BOOKMARK [3][-]{subsubsection.5.6.2.2}{\376\377\000S\000o\000l\000u\000t\000i\000o\000n\000s}{subsection.5.6.2}% 83
\BOOKMARK [2][-]{subsection.5.6.3}{\376\377\000C\000o\000n\000c\000l\000u\000s\000i\000o\000n}{section.5.6}% 84
\BOOKMARK [1][-]{section.5.7}{\376\377\000S\000y\000n\000t\000h\000\350\000s\000e\000\040\000d\000e\000s\000\040\000e\000n\000j\000e\000u\000x\000\040\000e\000t\000\040\000d\000e\000\040\000l\000'\000i\000m\000p\000o\000r\000t\000a\000n\000c\000e}{part.5}% 85
\BOOKMARK [0][-]{part.6}{\376\377\0006\000\040\000M\000\351\000t\000h\000o\000d\000o\000l\000o\000g\000i\000e\000\040\000e\000t\000\040\000o\000u\000t\000i\000l\000s}{}% 86
\BOOKMARK [1][-]{section.6.1}{\376\377\000M\000\351\000t\000h\000o\000d\000o\000l\000o\000g\000i\000e\000\040\000a\000d\000o\000p\000t\000\351\000e}{part.6}% 87
\BOOKMARK [2][-]{subsection.6.1.1}{\376\377\000C\000h\000o\000i\000x\000\040\000d\000e\000\040\000l\000a\000\040\000m\000\351\000t\000h\000o\000d\000o\000l\000o\000g\000i\000e\000\040\000:\000\040\000m\000\351\000t\000h\000o\000d\000e\000\040\000e\000n\000\040\000V}{section.6.1}% 88
\BOOKMARK [2][-]{subsection.6.1.2}{\376\377\000\311\000t\000a\000p\000e\000s\000\040\000d\000e\000\040\000l\000a\000\040\000m\000\351\000t\000h\000o\000d\000o\000l\000o\000g\000i\000e}{section.6.1}% 89
\BOOKMARK [1][-]{section.6.2}{\376\377\000P\000l\000a\000n\000i\000f\000i\000c\000a\000t\000i\000o\000n\000\040\000e\000t\000\040\000g\000e\000s\000t\000i\000o\000n\000\040\000d\000e\000\040\000p\000r\000o\000j\000e\000t}{part.6}% 90
\BOOKMARK [2][-]{subsection.6.2.1}{\376\377\000P\000l\000a\000n\000i\000f\000i\000c\000a\000t\000i\000o\000n}{section.6.2}% 91
\BOOKMARK [2][-]{subsection.6.2.2}{\376\377\000D\000i\000a\000g\000r\000a\000m\000m\000e\000\040\000d\000e\000\040\000G\000A\000N\000T\000T}{section.6.2}% 92
\BOOKMARK [2][-]{subsection.6.2.3}{\376\377\000B\000u\000d\000g\000\351\000t\000i\000s\000a\000t\000i\000o\000n}{section.6.2}% 93
\BOOKMARK [1][-]{section.6.3}{\376\377\000C\000o\000n\000f\000l\000u\000e\000n\000c\000e\000\040\000:\000\040\000o\000u\000t\000i\000l\000\040\000d\000e\000\040\000g\000e\000s\000t\000i\000o\000n\000\040\000d\000e\000\040\000l\000a\000\040\000d\000o\000c\000u\000m\000e\000n\000t\000a\000t\000i\000o\000n}{part.6}% 94
\BOOKMARK [1][-]{section.6.4}{\376\377\000C\000o\000l\000l\000a\000b\000o\000r\000a\000t\000i\000o\000n\000\040\000e\000t\000\040\000c\000o\000m\000m\000u\000n\000i\000c\000a\000t\000i\000o\000n}{part.6}% 95
\BOOKMARK [2][-]{subsection.6.4.1}{\376\377\000T\000e\000a\000m\000s\000\040\000:\000\040\000o\000u\000t\000i\000l\000\040\000d\000e\000\040\000m\000e\000s\000s\000a\000g\000e\000r\000i\000e\000\040\000i\000n\000s\000t\000a\000n\000t\000a\000n\000\351\000e}{section.6.4}% 96
\BOOKMARK [2][-]{subsection.6.4.2}{\376\377\000O\000u\000t\000l\000o\000o\000k\000\040\000:\000\040\000o\000u\000t\000i\000l\000\040\000d\000e\000\040\000m\000e\000s\000s\000a\000g\000e\000r\000i\000e}{section.6.4}% 97
\BOOKMARK [2][-]{subsection.6.4.3}{\376\377\000"\000P\000o\000i\000n\000t\000\040\000d\000e\000v\000"\000\040\000:\000\040\000r\000\351\000u\000n\000i\000o\000n\000\040\000h\000e\000b\000d\000o\000m\000a\000d\000a\000i\000r\000e}{section.6.4}% 98
\BOOKMARK [2][-]{subsection.6.4.4}{\376\377\000R\000\351\000u\000n\000i\000o\000n\000s\000\040\000p\000o\000n\000c\000t\000u\000e\000l\000l\000e\000s}{section.6.4}% 99
\BOOKMARK [2][-]{subsection.6.4.5}{\376\377\000C\000o\000m\000m\000u\000n\000i\000c\000a\000t\000i\000o\000n\000\040\000a\000v\000e\000c\000\040\000l\000e\000s\000\040\000c\000o\000l\000l\000\350\000g\000u\000e\000s}{section.6.4}% 100
\BOOKMARK [1][-]{section.6.5}{\376\377\000O\000u\000t\000i\000l\000s\000\040\000t\000e\000c\000h\000n\000o\000l\000o\000g\000i\000q\000u\000e\000s}{part.6}% 101
\BOOKMARK [2][-]{subsection.6.5.1}{\376\377\000d\000e\000l\000p\000h\000i}{section.6.5}% 102
\BOOKMARK [3][-]{subsubsection.6.5.1.1}{\376\377\000t\000m\000s\000s\000o\000f\000t\000w\000a\000r\000e\000\040\000e\000t\000\040\000t\000m\000s\000w\000e\000b}{subsection.6.5.1}% 103
\BOOKMARK [4][-]{paragraph.6.5.1.1.1}{\376\377\000t\000m\000s\000s\000o\000f\000t\000w\000a\000r\000e}{subsubsection.6.5.1.1}% 104
\BOOKMARK [4][-]{paragraph.6.5.1.1.2}{\376\377\000t\000m\000s\000w\000e\000b}{subsubsection.6.5.1.1}% 105
\BOOKMARK [2][-]{subsection.6.5.2}{\376\377\000h\000t\000m\000l}{section.6.5}% 106
\BOOKMARK [2][-]{subsection.6.5.3}{\376\377\000c\000s\000s}{section.6.5}% 107
\BOOKMARK [3][-]{subsubsection.6.5.3.1}{\376\377\000S\000a\000s\000s}{subsection.6.5.3}% 108
\BOOKMARK [2][-]{subsection.6.5.4}{\376\377\000j\000a\000v\000a\000s\000c\000r\000i\000p\000t}{section.6.5}% 109
\BOOKMARK [3][-]{subsubsection.6.5.4.1}{\376\377\000T\000y\000p\000e\000s\000c\000r\000i\000p\000t}{subsection.6.5.4}% 110
\BOOKMARK [3][-]{subsubsection.6.5.4.2}{\376\377\000r\000e\000a\000c\000t}{subsection.6.5.4}% 111
\BOOKMARK [3][-]{subsubsection.6.5.4.3}{\376\377\000d\000e\000v\000e\000x\000t\000r\000e\000m\000e\000\040\000p\000a\000r\000\040\000d\000e\000v\000e\000x\000p\000r\000e\000s\000s}{subsection.6.5.4}% 112
\BOOKMARK [4][-]{paragraph.6.5.4.3.1}{\376\377\000D\000e\000x\000E\000x\000p\000r\000e\000s\000s}{subsubsection.6.5.4.3}% 113
\BOOKMARK [4][-]{paragraph.6.5.4.3.2}{\376\377\000d\000e\000v\000e\000x\000t\000r\000e\000m\000e}{subsubsection.6.5.4.3}% 114
\BOOKMARK [2][-]{subsection.6.5.5}{\376\377\000G\000i\000t}{section.6.5}% 115
\BOOKMARK [2][-]{subsection.6.5.6}{\376\377\000I\000n\000s\000o\000m\000n\000i\000a}{section.6.5}% 116
\BOOKMARK [2][-]{subsection.6.5.7}{\376\377\000M\000i\000c\000r\000o\000s\000o\000f\000t\000\040\000S\000Q\000L\000\040\000S\000e\000r\000v\000e\000r\000\040\000\046\000\040\000M\000i\000c\000r\000o\000s\000o\000f\000t\000\040\000S\000Q\000L\000\040\000S\000e\000r\000v\000e\000r\000\040\000M\000a\000n\000a\000g\000e\000m\000e\000n\000t\000\040\000S\000t\000u\000d\000i\000o}{section.6.5}% 117
\BOOKMARK [3][-]{subsubsection.6.5.7.1}{\376\377\000M\000i\000c\000r\000o\000s\000o\000f\000t\000\040\000S\000Q\000L\000\040\000S\000e\000r\000v\000e\000r}{subsection.6.5.7}% 118
\BOOKMARK [3][-]{subsubsection.6.5.7.2}{\376\377\000M\000i\000c\000r\000o\000s\000o\000f\000t\000\040\000S\000Q\000L\000\040\000S\000e\000r\000v\000e\000r\000\040\000M\000a\000n\000a\000g\000e\000m\000e\000n\000t\000\040\000S\000t\000u\000d\000i\000o}{subsection.6.5.7}% 119
\BOOKMARK [2][-]{subsection.6.5.8}{\376\377\000V\000i\000s\000u\000a\000l\000\040\000S\000t\000u\000d\000i\000o\000\040\000C\000o\000d\000e}{section.6.5}% 120
\BOOKMARK [2][-]{subsection.6.5.9}{\376\377\000M\000o\000d\000e\000l\000i\000o}{section.6.5}% 121
\BOOKMARK [2][-]{subsection.6.5.10}{\376\377\000L\000a\000t\000e\000x}{section.6.5}% 122
\BOOKMARK [0][-]{part.7}{\376\377\0007\000\040\000P\000r\000o\000j\000e\000c\000t\000\040\000p\000r\000o\000g\000r\000e\000s\000s\000\040\000\050\000D\000\351\000r\000o\000u\000l\000e\000m\000e\000n\000t\000\040\000d\000u\000\040\000p\000r\000o\000j\000e\000t\000\051\000R\000e\000t\000r\000o\000u\000v\000e\000r\000\040\000l\000a\000\040\000t\000r\000a\000d\000u\000c\000t\000i\000o\000n\000\040\000d\000e\000\040\000l\000a\000\040\000p\000a\000r\000t\000i\000e\000\040\000D\000\351\000r\000o\000u\000l\000e\000m\000e\000n\000t\000\040\000d\000u\000\040\000p\000r\000o\000j\000e\000t\000\040\000e\000n\000\040\000A\000n\000n\000e\000x\000e\000\040\000G\000\040\000T\000r\000a\000d\000u\000c\000t\000i\000o\000n\000\040\000d\000e\000\040\000l\000a\000\040\000p\000a\000r\000t\000i\000e\000\040\000D\000\351\000r\000o\000u\000l\000e\000m\000e\000n\000t\000\040\000d\000u\000\040\000p\000r\000o\000j\000e\000t}{}% 123
\BOOKMARK [1][-]{section.7.1}{\376\377\000O\000b\000j\000e\000c\000t\000i\000v\000e\000s\000\040\000e\000t\000\040\000i\000n\000i\000t\000i\000a\000l\000\040\000p\000l\000a\000n\000n\000i\000n\000g}{part.7}% 124
\BOOKMARK [2][-]{subsection.7.1.1}{\376\377\000D\000e\000t\000a\000i\000l\000l\000e\000d\000\040\000o\000b\000j\000e\000c\000t\000i\000v\000e\000s}{section.7.1}% 125
\BOOKMARK [2][-]{subsection.7.1.2}{\376\377\000I\000n\000i\000t\000i\000a\000l\000\040\000p\000l\000a\000n\000n\000i\000n\000g}{section.7.1}% 126
\BOOKMARK [1][-]{section.7.2}{\376\377\000P\000r\000o\000j\000e\000c\000t\000\040\000s\000t\000a\000g\000e\000s}{part.7}% 127
\BOOKMARK [2][-]{subsection.7.2.1}{\376\377\000S\000t\000e\000p\000\040\000\043\0001\000:\000\040\000C\000h\000o\000o\000s\000i\000n\000g\000\040\000t\000h\000e\000\040\000p\000r\000o\000g\000r\000a\000m\000m\000i\000n\000g\000\040\000l\000a\000n\000g\000u\000a\000g\000e\000\040\000f\000o\000r\000\040\000t\000h\000e\000\040\000f\000r\000o\000n\000t\000e\000n\000d}{section.7.2}% 128
\BOOKMARK [3][-]{subsubsection.7.2.1.1}{\376\377\000P\000o\000s\000s\000i\000b\000l\000e\000\040\000s\000o\000l\000u\000t\000i\000o\000n\000s}{subsection.7.2.1}% 129
\BOOKMARK [4][-]{paragraph.7.2.1.1.1}{\376\377\000d\000e\000l\000p\000h\000i\000\040\000a\000n\000d\000\040\000t\000m\000s\000s\000o\000f\000t\000w\000a\000r\000e}{subsubsection.7.2.1.1}% 130
\BOOKMARK [4][-]{paragraph.7.2.1.1.2}{\376\377\000j\000a\000v\000a\000s\000c\000r\000i\000p\000t}{subsubsection.7.2.1.1}% 131
\BOOKMARK [4][-]{paragraph.7.2.1.1.3}{\376\377\000r\000e\000a\000c\000t\000\040\000a\000n\000d\000\040\000d\000e\000v\000e\000x\000t\000r\000e\000m\000e}{subsubsection.7.2.1.1}% 132
\BOOKMARK [3][-]{subsubsection.7.2.1.2}{\376\377\000C\000h\000o\000s\000e\000n\000\040\000s\000o\000l\000u\000t\000i\000o\000n}{subsection.7.2.1}% 133
\BOOKMARK [4][-]{paragraph.7.2.1.2.1}{\376\377\000F\000i\000n\000a\000n\000c\000i\000a\000l\000\040\000i\000m\000p\000a\000c\000t}{subsubsection.7.2.1.2}% 134
\BOOKMARK [2][-]{subsection.7.2.2}{\376\377\000S\000t\000e\000p\000\040\000\043\0002\000:\000\040\000D\000e\000v\000e\000l\000o\000p\000m\000e\000n\000t\000\040\000o\000f\000\040\000t\000h\000e\000\040\000f\000i\000r\000s\000t\000\040\000v\000e\000r\000s\000i\000o\000n\000\040\000o\000f\000\040\000t\000h\000e\000\040\000f\000r\000o\000n\000t\000e\000n\000d}{section.7.2}% 135
\BOOKMARK [2][-]{subsection.7.2.3}{\376\377\000S\000t\000e\000p\000\040\000\043\0003\000:\000\040\000D\000e\000v\000e\000l\000o\000p\000m\000e\000n\000t\000\040\000o\000f\000\040\000a\000\040\000b\000a\000c\000k\000e\000n\000d\000\040\000t\000o\000\040\000i\000n\000t\000e\000r\000a\000c\000t\000\040\000w\000i\000t\000h\000\040\000t\000h\000e\000\040\000d\000a\000t\000a\000b\000a\000s\000e}{section.7.2}% 136
\BOOKMARK [1][-]{section.7.3}{\376\377\000M\000o\000n\000i\000t\000o\000r\000i\000n\000g\000\040\000a\000n\000d\000\040\000c\000o\000n\000t\000r\000o\000l}{part.7}% 137
\BOOKMARK [2][-]{subsection.7.3.1}{\376\377\000W\000e\000e\000k\000l\000y\000\040\000m\000e\000e\000t\000i\000n\000g\000:\000"\000P\000o\000i\000n\000t\000\040\000d\000e\000v\000"}{section.7.3}% 138
\BOOKMARK [2][-]{subsection.7.3.2}{\376\377\000A\000d\000\040\000h\000o\000c\000\040\000f\000o\000l\000l\000o\000w\000-\000u\000p\000\040\000m\000e\000e\000t\000i\000n\000g\000s}{section.7.3}% 139
\BOOKMARK [0][-]{part.8}{\376\377\0008\000\040\000C\000y\000b\000e\000r\000a\000t\000t\000a\000q\000u\000e\000\040\000a\000u\000\040\000s\000e\000i\000n\000\040\000d\000e\000\040\000l\000'\000e\000n\000t\000r\000e\000p\000r\000i\000s\000e}{}% 140
\BOOKMARK [1][-]{section.8.1}{\376\377\000I\000m\000p\000a\000c\000t\000s\000\040\000e\000t\000\040\000c\000o\000n\000s\000\351\000q\000u\000e\000n\000c\000e\000s}{part.8}% 141
\BOOKMARK [2][-]{subsection.8.1.1}{\376\377\000T\000\351\000l\000\351\000t\000r\000a\000v\000a\000i\000l\000\040\000i\000m\000p\000o\000s\000s\000i\000b\000l\000e}{section.8.1}% 142
\BOOKMARK [2][-]{subsection.8.1.2}{\376\377\000C\000h\000\364\000m\000a\000g\000e\000\040\000p\000a\000r\000t\000i\000e\000l}{section.8.1}% 143
\BOOKMARK [2][-]{subsection.8.1.3}{\376\377\000I\000m\000p\000o\000s\000s\000i\000b\000i\000l\000i\000t\000\351\000\040\000d\000'\000a\000i\000d\000e\000r\000\040\000l\000e\000\040\000c\000l\000i\000e\000n\000t}{section.8.1}% 144
\BOOKMARK [1][-]{section.8.2}{\376\377\000S\000o\000l\000u\000t\000i\000o\000n\000s}{part.8}% 145
\BOOKMARK [2][-]{subsection.8.2.1}{\376\377\000V\000e\000n\000u\000e\000\040\000d\000e\000s\000\040\000e\000m\000p\000l\000o\000y\000\351\000s\000\040\000s\000u\000r\000\040\000l\000e\000\040\000s\000i\000t\000e\000\040\000d\000e\000\040\000C\000h\000o\000l\000e\000t}{section.8.2}% 146
\BOOKMARK [2][-]{subsection.8.2.2}{\376\377\000U\000t\000i\000l\000i\000s\000a\000t\000i\000o\000n\000\040\000d\000'\000a\000u\000t\000r\000e\000s\000\040\000o\000u\000t\000i\000l\000s}{section.8.2}% 147
\BOOKMARK [1][-]{section.8.3}{\376\377\000C\000o\000n\000c\000l\000u\000s\000i\000o\000n}{part.8}% 148
\BOOKMARK [0][-]{part.9}{\376\377\0009\000\040\000R\000\351\000a\000l\000i\000s\000a\000t\000i\000o\000n\000s\000\040\000e\000t\000\040\000r\000\351\000s\000u\000l\000t\000a\000t\000s}{}% 149
\BOOKMARK [1][-]{section.9.1}{\376\377\000O\000b\000j\000e\000c\000t\000i\000f\000s\000\040\000a\000t\000t\000e\000i\000n\000t\000s}{part.9}% 150
\BOOKMARK [2][-]{subsection.9.1.1}{\376\377\000R\000a\000p\000p\000e\000l\000\040\000d\000e\000s\000\040\000o\000b\000j\000e\000c\000t\000i\000f\000s\000\040\000d\000u\000\040\000p\000r\000o\000j\000e\000t\000\040\000d\000e\000\040\000s\000t\000a\000g\000e}{section.9.1}% 151
\BOOKMARK [2][-]{subsection.9.1.2}{\376\377\000T\000e\000s\000t\000e\000r\000\040\000l\000e\000s\000\040\000o\000u\000t\000i\000l\000s\000\040\000d\000e\000\040\000d\000\351\000v\000e\000l\000o\000p\000p\000e\000m\000e\000n\000t}{section.9.1}% 152
\BOOKMARK [2][-]{subsection.9.1.3}{\376\377\000C\000r\000\351\000e\000r\000\040\000u\000n\000e\000\040\000m\000a\000q\000u\000e\000t\000t\000e}{section.9.1}% 153
\BOOKMARK [2][-]{subsection.9.1.4}{\376\377\000C\000r\000\351\000e\000r\000\040\000u\000n\000e\000\040\000p\000r\000e\000m\000i\000\350\000r\000e\000\040\000v\000e\000r\000s\000i\000o\000n\000\040\000d\000e\000\040\000l\000'\000a\000p\000p\000w\000e\000b}{section.9.1}% 154
\BOOKMARK [1][-]{section.9.2}{\376\377\000R\000\351\000a\000l\000i\000s\000a\000t\000i\000o\000n\000s}{part.9}% 155
\BOOKMARK [1][-]{section.9.3}{\376\377\000C\000o\000n\000c\000l\000u\000s\000i\000o\000n}{part.9}% 156
\BOOKMARK [0][-]{part.10}{\376\377\0001\0000\000\040\000C\000o\000m\000p\000\351\000t\000e\000n\000c\000e\000s\000\040\000m\000i\000s\000e\000s\000\040\000e\000n\000\040\001\123\000u\000v\000r\000e}{}% 157
\BOOKMARK [1][-]{section.10.1}{\376\377\000C\000o\000m\000p\000\351\000t\000e\000n\000c\000e\000s\000\040\000t\000e\000c\000h\000n\000i\000q\000u\000e\000s}{part.10}% 158
\BOOKMARK [1][-]{section.10.2}{\376\377\000C\000o\000m\000p\000\351\000t\000e\000n\000c\000e\000s\000\040\000e\000n\000\040\000g\000e\000s\000t\000i\000o\000n}{part.10}% 159
\BOOKMARK [2][-]{subsection.10.2.1}{\376\377\000G\000e\000s\000t\000i\000o\000n\000\040\000d\000u\000\040\000t\000e\000m\000p\000s}{section.10.2}% 160
\BOOKMARK [2][-]{subsection.10.2.2}{\376\377\000P\000l\000a\000n\000i\000f\000i\000c\000a\000t\000i\000o\000n}{section.10.2}% 161
\BOOKMARK [1][-]{section.10.3}{\376\377\000C\000o\000m\000p\000\351\000t\000e\000n\000c\000e\000s\000\040\000e\000n\000\040\000c\000o\000m\000m\000u\000n\000i\000c\000a\000t\000i\000o\000n}{part.10}% 162
\BOOKMARK [2][-]{subsection.10.3.1}{\376\377\000R\000\351\000d\000a\000c\000t\000i\000o\000n\000\040\000d\000'\000u\000n\000e\000\040\000d\000o\000c\000u\000m\000e\000n\000t\000a\000t\000i\000o\000n\000\040\000t\000e\000c\000h\000n\000i\000q\000u\000e}{section.10.3}% 163
\BOOKMARK [1][-]{section.10.4}{\376\377\000C\000o\000m\000p\000\351\000t\000e\000n\000c\000e\000s\000\040\000e\000n\000\040\000l\000e\000a\000d\000e\000r\000s\000h\000i\000p}{part.10}% 164
\BOOKMARK [2][-]{subsection.10.4.1}{\376\377\000D\000\351\000v\000e\000l\000o\000p\000p\000e\000m\000e\000n\000t\000\040\000d\000e\000\040\000l\000'\000a\000p\000i\000\040\000r\000e\000s\000t}{section.10.4}% 165
\BOOKMARK [1][-]{section.10.5}{\376\377\000C\000o\000m\000p\000\351\000t\000e\000n\000c\000e\000s\000\040\000e\000n\000\040\000a\000d\000a\000p\000t\000a\000b\000i\000l\000i\000t\000\351}{part.10}% 166
\BOOKMARK [2][-]{subsection.10.5.1}{\376\377\000C\000h\000o\000i\000x\000\040\000d\000u\000\040\000c\000h\000a\000n\000g\000e\000m\000e\000n\000t\000\040\000d\000e\000\040\000l\000a\000n\000g\000a\000g\000e\000p\000r\000o\000g\000r\000a\000m\000m\000a\000t\000i\000o\000n}{section.10.5}% 167
\BOOKMARK [1][-]{section.10.6}{\376\377\000L\000e\000\347\000o\000n\000s\000\040\000a\000p\000p\000r\000i\000s\000e\000s\000\040\000e\000t\000\040\000d\000\351\000v\000e\000l\000o\000p\000p\000e\000m\000e\000n\000t\000\040\000p\000r\000o\000f\000e\000s\000s\000i\000o\000n\000n\000e\000l}{part.10}% 168
\BOOKMARK [0][-]{part*.10}{\376\377\000A\000b\000s\000c\000h\000l\000u\000s\000s\000R\000e\000t\000r\000o\000u\000v\000e\000r\000\040\000l\000a\000\040\000t\000r\000a\000d\000u\000c\000t\000i\000o\000n\000\040\000e\000n\000\040\000f\000r\000a\000n\000\347\000a\000i\000s\000\040\000d\000e\000\040\000l\000a\000\040\000s\000e\000c\000t\000i\000o\000n\000\040\000C\000o\000n\000c\000l\000u\000s\000i\000o\000n\000\040\000e\000n\000\040\000A\000n\000n\000e\000x\000e\000\040\000L\000\040\000T\000r\000a\000d\000u\000c\000t\000i\000o\000n\000\040\000d\000e\000\040\000l\000a\000\040\000p\000a\000r\000t\000i\000e\000\040\000C\000o\000n\000c\000l\000u\000s\000i\000o\000n\000\040\000\050\000C\000o\000n\000c\000l\000u\000s\000i\000o\000n\000\051}{}% 169
\BOOKMARK [0][-]{section*.11}{\376\377\000B\000i\000b\000l\000i\000o\000g\000r\000a\000p\000h\000i\000e}{}% 170
\BOOKMARK [0][-]{part*.13}{\376\377\000A\000n\000n\000e\000x\000e\000s}{}% 171
\BOOKMARK [1][-]{appendix.A}{\376\377\000T\000r\000a\000d\000u\000c\000t\000i\000o\000n\000\040\000d\000e\000\040\000l\000a\000\040\000p\000a\000r\000t\000i\000e\000\040\000I\000n\000t\000r\000o\000d\000u\000c\000t\000i\000o\000n}{part*.13}% 172
\BOOKMARK [1][-]{appendix.B}{\376\377\000D\000a\000t\000e\000s\000\040\000i\000m\000p\000o\000r\000t\000a\000n\000t\000e\000s\000\040\000d\000e\000\040\000l\000'\000h\000i\000s\000t\000o\000i\000r\000e\000\040\000S\000S\000I\000\040\000S\000C\000H\000\304\000F\000E\000R}{part*.13}% 173
\BOOKMARK [1][-]{appendix.C}{\376\377\000C\000a\000r\000t\000e\000\040\000d\000e\000s\000\040\000f\000i\000l\000i\000a\000l\000e\000s\000\040\000S\000S\000I\000\040\000S\000C\000H\000\304\000F\000E\000R}{part*.13}% 174
\BOOKMARK [1][-]{appendix.D}{\376\377\000L\000i\000s\000t\000e\000\040\000c\000o\000m\000p\000l\000\350\000t\000e\000\040\000d\000e\000s\000\040\000f\000o\000n\000c\000t\000i\000o\000n\000n\000a\000l\000i\000t\000\351\000s\000\040\000d\000e\000\040\000M\000O\000R\000P\000H\000E\000U\000S\000\040\000W\000M\000S}{part*.13}% 175
\BOOKMARK [1][-]{appendix.E}{\376\377\000L\000i\000s\000t\000e\000\040\000c\000o\000m\000p\000l\000\350\000t\000e\000\040\000d\000e\000s\000\040\000f\000o\000n\000c\000t\000i\000o\000n\000n\000a\000l\000i\000t\000\351\000s\000\040\000d\000e\000\040\000M\000O\000R\000P\000H\000E\000U\000S\000\040\000W\000C\000S}{part*.13}% 176
\BOOKMARK [1][-]{appendix.F}{\376\377\000T\000r\000a\000d\000u\000c\000t\000i\000o\000n\000\040\000d\000e\000\040\000l\000a\000\040\000p\000a\000r\000t\000i\000e\000\040\000P\000r\000\351\000s\000e\000n\000t\000a\000t\000i\000o\000n\000\040\000d\000u\000\040\000p\000r\000o\000j\000e\000t\000\040\000r\000\351\000a\000l\000i\000s\000\351\000\040\000a\000u\000\040\000c\000o\000u\000r\000s\000\040\000d\000u\000\040\000s\000t\000a\000g\000e}{part*.13}% 177
\BOOKMARK [2][-]{subsection.F.1}{\376\377\000P\000r\000o\000j\000e\000t\000\040\000g\000l\000o\000b\000a\000l}{appendix.F}% 178
\BOOKMARK [2][-]{subsection.F.2}{\376\377\000P\000r\000o\000j\000e\000t\000\040\000d\000u\000\040\000s\000t\000a\000g\000e}{appendix.F}% 179
\BOOKMARK [2][-]{subsection.F.3}{\376\377\000A\000p\000p\000l\000i\000c\000a\000t\000i\000o\000n\000\040\000e\000x\000i\000s\000t\000a\000n\000t\000e}{appendix.F}% 180
\BOOKMARK [1][-]{appendix.G}{\376\377\000T\000r\000a\000d\000u\000c\000t\000i\000o\000n\000\040\000d\000e\000\040\000l\000a\000\040\000p\000a\000r\000t\000i\000e\000\040\000D\000\351\000r\000o\000u\000l\000e\000m\000e\000n\000t\000\040\000d\000u\000\040\000p\000r\000o\000j\000e\000t}{part*.13}% 181
\BOOKMARK [2][-]{subsection.G.1}{\376\377\000O\000b\000j\000e\000c\000t\000i\000f\000s\000\040\000e\000t\000\040\000p\000l\000a\000n\000i\000f\000i\000c\000a\000t\000i\000o\000n\000\040\000i\000n\000i\000t\000i\000a\000l\000e}{appendix.G}% 182
\BOOKMARK [3][-]{subsubsection.G.1.1}{\376\377\000O\000b\000j\000e\000c\000t\000i\000f\000s\000\040\000d\000\351\000t\000a\000i\000l\000l\000\351\000s}{subsection.G.1}% 183
\BOOKMARK [3][-]{subsubsection.G.1.2}{\376\377\000P\000l\000a\000n\000i\000f\000i\000c\000a\000t\000i\000o\000n\000\040\000i\000n\000i\000t\000i\000a\000l\000e}{subsection.G.1}% 184
\BOOKMARK [2][-]{subsection.G.2}{\376\377\000\311\000t\000a\000p\000e\000s\000\040\000d\000u\000\040\000p\000r\000o\000j\000e\000t}{appendix.G}% 185
\BOOKMARK [3][-]{subsubsection.G.2.1}{\376\377\000\311\000t\000a\000p\000e\000\040\000n\000\260\0001\000\040\000:\000\040\000C\000h\000o\000i\000x\000\040\000d\000u\000\040\000l\000a\000n\000g\000a\000g\000e\000p\000r\000o\000g\000r\000a\000m\000m\000a\000t\000i\000o\000n\000\040\000p\000o\000u\000r\000\040\000l\000e\000\040\000f\000r\000o\000n\000t\000e\000n\000d}{subsection.G.2}% 186
\BOOKMARK [4][-]{paragraph.G.2.1.1}{\376\377\000S\000o\000l\000u\000t\000i\000o\000n\000s\000\040\000p\000o\000s\000s\000i\000b\000l\000e\000s}{subsubsection.G.2.1}% 187
\BOOKMARK [5][-]{subparagraph.G.2.1.1.1}{\376\377\000d\000e\000l\000p\000h\000i\000\040\000e\000t\000\040\000t\000m\000s\000s\000o\000f\000t\000w\000a\000r\000e}{paragraph.G.2.1.1}% 188
\BOOKMARK [5][-]{subparagraph.G.2.1.1.2}{\376\377\000j\000a\000v\000a\000s\000c\000r\000i\000p\000t}{paragraph.G.2.1.1}% 189
\BOOKMARK [5][-]{subparagraph.G.2.1.1.3}{\376\377\000r\000e\000a\000c\000t\000\040\000e\000t\000\040\000d\000e\000v\000e\000x\000t\000r\000e\000m\000e}{paragraph.G.2.1.1}% 190
\BOOKMARK [4][-]{paragraph.G.2.1.2}{\376\377\000S\000o\000l\000u\000t\000i\000o\000n\000\040\000r\000e\000t\000e\000n\000u\000e}{subsubsection.G.2.1}% 191
\BOOKMARK [5][-]{subparagraph.G.2.1.2.1}{\376\377\000I\000m\000p\000a\000c\000t\000\040\000f\000i\000n\000a\000n\000c\000i\000e\000r}{paragraph.G.2.1.2}% 192
\BOOKMARK [3][-]{subsubsection.G.2.2}{\376\377\000\311\000t\000a\000p\000e\000\040\000n\000\260\0002\000\040\000:\000\040\000D\000\351\000v\000e\000l\000o\000p\000p\000e\000m\000e\000n\000t\000\040\000d\000e\000\040\000l\000a\000\040\000p\000r\000e\000m\000i\000\350\000r\000e\000\040\000v\000e\000r\000s\000i\000o\000n\000\040\000d\000u\000\040\000f\000r\000o\000n\000t\000e\000n\000d}{subsection.G.2}% 193
\BOOKMARK [3][-]{subsubsection.G.2.3}{\376\377\000\311\000t\000a\000p\000e\000\040\000n\000\260\0003\000\040\000:\000\040\000D\000\351\000v\000e\000l\000o\000p\000p\000e\000m\000e\000n\000t\000\040\000d\000'\000u\000n\000\040\000b\000a\000c\000k\000e\000n\000d\000\040\000p\000o\000u\000r\000\040\000i\000n\000t\000\351\000r\000a\000g\000i\000r\000\040\000a\000v\000e\000c\000\040\000l\000a\000\040\000b\000a\000s\000e\000\040\000d\000e\000\040\000d\000o\000n\000n\000\351\000e\000s}{subsection.G.2}% 194
\BOOKMARK [2][-]{subsection.G.3}{\376\377\000S\000u\000i\000v\000i\000\040\000e\000t\000\040\000c\000o\000n\000t\000r\000\364\000l\000e}{appendix.G}% 195
\BOOKMARK [3][-]{subsubsection.G.3.1}{\376\377\000R\000\351\000u\000n\000i\000o\000n\000\040\000h\000e\000b\000d\000o\000m\000a\000d\000a\000i\000r\000e\000:\000"\000P\000o\000i\000n\000t\000\040\000d\000e\000v\000"}{subsection.G.3}% 196
\BOOKMARK [3][-]{subsubsection.G.3.2}{\376\377\000R\000\351\000u\000n\000i\000o\000n\000s\000\040\000p\000o\000n\000c\000t\000u\000e\000l\000l\000e\000s\000\040\000d\000e\000\040\000s\000u\000i\000v\000i}{subsection.G.3}% 197
\BOOKMARK [1][-]{appendix.H}{\376\377\000R\000\351\000s\000u\000l\000t\000a\000t\000\040\000o\000b\000t\000e\000n\000u\000\040\000a\000v\000e\000c\000\040\000d\000e\000l\000p\000h\000i}{part*.13}% 198
\BOOKMARK [1][-]{appendix.I}{\376\377\000C\000o\000d\000e\000\040\000p\000r\000o\000d\000u\000i\000t\000\040\000e\000n\000\040\000d\000e\000l\000p\000h\000i}{part*.13}% 199
\BOOKMARK [1][-]{appendix.J}{\376\377\000C\000o\000d\000e\000\040\000p\000r\000o\000d\000u\000i\000t\000\040\000e\000n\000\040\000r\000e\000a\000c\000t\000\040\000e\000t\000\040\000d\000e\000v\000e\000x\000t\000r\000e\000m\000e}{part*.13}% 200
\BOOKMARK [1][-]{appendix.K}{\376\377\000C\000o\000m\000p\000a\000r\000a\000t\000i\000f\000\040\000t\000e\000c\000h\000n\000i\000q\000u\000e\000\040\000e\000n\000t\000r\000e\000\040\000l\000e\000s\000\040\000s\000o\000l\000u\000t\000i\000o\000n\000s\000\040\000t\000m\000s\000w\000e\000b\000\040\000e\000t\000\040\000d\000e\000v\000e\000x\000t\000r\000e\000m\000e}{part*.13}% 201
\BOOKMARK [1][-]{appendix.L}{\376\377\000T\000r\000a\000d\000u\000c\000t\000i\000o\000n\000\040\000d\000e\000\040\000l\000a\000\040\000p\000a\000r\000t\000i\000e\000\040\000C\000o\000n\000c\000l\000u\000s\000i\000o\000n}{part*.13}% 202
\BOOKMARK [0][-]{part*.15}{\376\377\000M\000o\000t\000s\000\040\000c\000l\000\351\000s}{}% 203
\BOOKMARK [1][-]{section*.16}{\376\377\000M\000o\000t\000s\000\040\000c\000l\000\351\000s}{part*.15}% 204
\BOOKMARK [1][-]{section*.16}{\376\377\000K\000e\000y\000w\000o\000r\000d\000s}{part*.15}% 205
\BOOKMARK [1][-]{section*.16}{\376\377\000S\000c\000h\000l\000\374\000s\000s\000e\000l\000w\000\366\000r\000t\000e\000r}{part*.15}% 206
\BOOKMARK [0][-]{part*.18}{\376\377\000R\000\351\000s\000u\000m\000\351\000s}{}% 207
\BOOKMARK [1][-]{section*.19}{\376\377\000R\000\351\000s\000u\000m\000\351}{part*.18}% 208
\BOOKMARK [1][-]{section*.19}{\376\377\000S\000u\000m\000m\000a\000r\000y}{part*.18}% 209
\BOOKMARK [1][-]{section*.19}{\376\377\000Z\000u\000s\000a\000m\000m\000e\000n\000f\000a\000s\000s\000u\000n\000g}{part*.18}% 210
